<?xml version="1.0" encoding="UTF-8"?>
<!-- Generated by org.testng.reporters.JUnitXMLReporter -->
<testsuite ignored="0" hostname="DESKTOP-2B1P0GB" failures="0" tests="0" name="opencartTest" time="0.726" errors="0" timestamp="2023-01-28T18:27:07 IST">
  <testcase classname="com.qa.opencart.factory.TestBase" name="@BeforeClass commonSetUp" time="-1.674910625803E9">
    <failure type="org.testng.TestNGException" message="
Parameter &amp;apos;browser&amp;apos; is required by BeforeClass on method commonSetUp but has not been marked @Optional or defined
in D:\Harshini_eclips_workspace\OpenCartAutomationJan182023\testng.xml">
      <![CDATA[org.testng.TestNGException: 
Parameter 'browser' is required by BeforeClass on method commonSetUp but has not been marked @Optional or defined
in D:\Harshini_eclips_workspace\OpenCartAutomationJan182023\testng.xml
at java.base/java.util.ArrayList.forEach(ArrayList.java:1541)
... Removed 22 stack frames]]>
    </failure>
  </testcase> <!-- @BeforeClass commonSetUp -->
  <testcase classname="com.qa.opencart.testcase.HomePageTest" name="@BeforeClass beforeClass" time="0.0">
    <skipped/>
  </testcase> <!-- @BeforeClass beforeClass -->
  <testcase classname="com.qa.opencart.testcase.HomePageTest" name="@BeforeMethod beforeMethod" time="0.0">
    <skipped/>
  </testcase> <!-- @BeforeMethod beforeMethod -->
</testsuite> <!-- opencartTest -->
